✅ Cache refreshed at Thu Jun 25 03:45:15 UTC 2026
✅ Cache refreshed at Thu Jun 25 03:49:59 UTC 2026
✅ Cache refreshed at Thu Jun 25 04:00:11 UTC 2026
✅ Cache refreshed at Thu Jun 25 04:06:20 UTC 2026
✅ Cache refreshed at Thu Jun 25 04:12:53 UTC 2026
✅ Cache refreshed at Thu Jun 25 04:27:12 UTC 2026
✅ Cache refreshed at Thu Jun 25 04:34:02 UTC 2026
✅ Cache refreshed at Thu Jun 25 04:51:27 UTC 2026
✅ Cache refreshed at Thu Jun 25 05:02:29 UTC 2026
✅ Cache refreshed at Thu Jun 25 05:11:17 UTC 2026
✅ Cache refreshed at Thu Jun 25 05:18:03 UTC 2026
✅ Cache refreshed at Thu Jun 25 05:24:28 UTC 2026
✅ Cache refreshed at Thu Jun 25 18:33:30 UTC 2026
✅ Cache refreshed at Fri Jun 26 03:24:38 UTC 2026
✅ Cache refreshed at Fri Jun 26 03:34:29 UTC 2026
✅ Cache refreshed at Fri Jun 26 05:07:38 UTC 2026
✅ Cache refreshed at Fri Jun 26 05:40:25 UTC 2026
✅ Cache refreshed at Fri Jun 26 05:49:13 UTC 2026
✅ Cache refreshed at Fri Jun 26 18:09:44 UTC 2026
✅ Cache refreshed at Sat Jun 27 17:37:32 UTC 2026
✅ Cache refreshed at Sun Jun 28 17:44:27 UTC 2026
✅ Cache refreshed at Mon Jun 29 18:29:20 UTC 2026
✅ Cache refreshed at Tue Jun 30 13:47:51 UTC 2026
✅ Cache refreshed at Tue Jun 30 13:52:42 UTC 2026
✅ Cache refreshed at Tue Jun 30 14:22:13 UTC 2026
✅ Cache refreshed at Tue Jun 30 14:31:01 UTC 2026
✅ Cache refreshed at Tue Jun 30 18:20:06 UTC 2026
✅ Cache refreshed at Wed Jul  1 18:26:20 UTC 2026
✅ Cache refreshed at Thu Jul  2 14:48:00 UTC 2026
✅ Cache refreshed at Thu Jul  2 15:09:08 UTC 2026
✅ Cache refreshed at Thu Jul  2 15:35:09 UTC 2026
✅ Cache refreshed at Thu Jul  2 15:49:57 UTC 2026
✅ Cache refreshed at Fri Jul  3 14:06:11 UTC 2026
✅ Cache refreshed at Fri Jul  3 14:40:54 UTC 2026
✅ Cache refreshed at Fri Jul  3 14:51:30 UTC 2026
✅ Cache refreshed at Fri Jul  3 15:09:43 UTC 2026
✅ Cache refreshed at Fri Jul  3 15:24:41 UTC 2026
